<?xml version="1.0" encoding="UTF-8"?>
<!-- Generated by org.testng.reporters.JUnitReportReporter -->
<testsuite hostname="DESKTOP-K0TT0NQ" name="Test.NewTestNG.ParametersAnotationUsage" tests="1" failures="0" timestamp="15 Aug 2020 08:41:43 GMT" time="20.302" errors="0">
  <testcase name="login" time="20.302" classname="Test.NewTestNG.ParametersAnotationUsage"/>
</testsuite> <!-- Test.NewTestNG.ParametersAnotationUsage -->
