<?xml version="1.0" encoding="UTF-8"?>
<!-- Generated by org.testng.reporters.JUnitReportReporter -->
<testsuite hostname="DESKTOP-K0TT0NQ" name="Test.NewTestNG.FacebookTest" tests="3" failures="0" timestamp="19 Aug 2020 09:39:31 GMT" time="30.857" errors="0">
  <testcase name="test3" time="8.862" classname="Test.NewTestNG.FacebookTest"/>
  <testcase name="test1" time="9.016" classname="Test.NewTestNG.FacebookTest"/>
  <testcase name="test2" time="12.979" classname="Test.NewTestNG.FacebookTest"/>
</testsuite> <!-- Test.NewTestNG.FacebookTest -->
