<?xml version="1.0" encoding="UTF-8"?>
<!-- Generated by org.testng.reporters.JUnitReportReporter -->
<testsuite hostname="DESKTOP-K0TT0NQ" name="Test.NewTestNG.InvocationCount_Usage" tests="3" failures="0" timestamp="14 Aug 2020 11:01:25 GMT" time="54.912" errors="0">
  <testcase name="setUp" time="26.824" classname="Test.NewTestNG.InvocationCount_Usage"/>
  <testcase name="setUp" time="15.144" classname="Test.NewTestNG.InvocationCount_Usage"/>
  <testcase name="setUp" time="12.944" classname="Test.NewTestNG.InvocationCount_Usage"/>
</testsuite> <!-- Test.NewTestNG.InvocationCount_Usage -->
