<?xml version="1.0" encoding="UTF-8"?>
<!-- Generated by org.testng.reporters.JUnitReportReporter -->
<testsuite hostname="DESKTOP-K0TT0NQ" name="Test.NewTestNG.GoogleTest" tests="1" failures="0" timestamp="19 Aug 2020 09:56:30 GMT" time="11.163" errors="0">
  <testcase name="test1" time="11.163" classname="Test.NewTestNG.GoogleTest"/>
</testsuite> <!-- Test.NewTestNG.GoogleTest -->
