<?xml version="1.0" encoding="UTF-8"?>
<!-- Generated by org.testng.reporters.JUnitReportReporter -->
<testsuite hostname="DESKTOP-K0TT0NQ" name="Test.NewTestNG.DependsOnMethod" tests="2" failures="0" timestamp="14 Aug 2020 11:26:58 GMT" time="15.893" errors="0">
  <testcase name="openBrowser" time="15.875" classname="Test.NewTestNG.DependsOnMethod"/>
  <testcase name="setUp" time="0.018" classname="Test.NewTestNG.DependsOnMethod"/>
</testsuite> <!-- Test.NewTestNG.DependsOnMethod -->
